apps/mobile/modules/active-agents-live-update/android/build/intermediates/manifest_merge_blame_file/debug/processDebugManifest/manifest-merger-blame-debug-report.txt
1<?xml version="1.0" encoding="utf-8"?>
2<manifest xmlns:android="http://schemas.android.com/apk/res/android"
3    package="com.kilocode.activeagentsliveupdate" >
4
5    <uses-sdk android:minSdkVersion="24" />
6
7    <uses-permission android:name="android.permission.RECEIVE_BOOT_COMPLETED" />
7-->src/main/AndroidManifest.xml:2:3-79
7-->src/main/AndroidManifest.xml:2:20-76
8
9    <application>
9-->src/main/AndroidManifest.xml:3:3-12:17
10        <receiver
10-->src/main/AndroidManifest.xml:4:5-11:16
11            android:name="com.kilocode.activeagentsliveupdate.ActiveAgentsDeadlineReceiver"
11-->src/main/AndroidManifest.xml:5:7-86
12            android:exported="false" >
12-->src/main/AndroidManifest.xml:6:7-31
13            <intent-filter>
13-->src/main/AndroidManifest.xml:7:7-10:23
14                <action android:name="android.intent.action.BOOT_COMPLETED" />
14-->src/main/AndroidManifest.xml:8:9-71
14-->src/main/AndroidManifest.xml:8:17-68
15                <action android:name="android.intent.action.MY_PACKAGE_REPLACED" />
15-->src/main/AndroidManifest.xml:9:9-76
15-->src/main/AndroidManifest.xml:9:17-73
16            </intent-filter>
17        </receiver>
18    </application>
19
20</manifest>